{"total": {"lines":{"total":131,"covered":129,"skipped":0,"pct":98.47},"statements":{"total":131,"covered":129,"skipped":0,"pct":98.47},"functions":{"total":18,"covered":18,"skipped":0,"pct":100},"branches":{"total":96,"covered":70,"skipped":0,"pct":72.91},"branchesTrue":{"total":0,"covered":0,"skipped":0,"pct":100}}
,"/Users/alwaleedalabdali/Eureka/src/entities/report/model/useReport.ts": {"lines":{"total":19,"covered":19,"skipped":0,"pct":100},"functions":{"total":4,"covered":4,"skipped":0,"pct":100},"statements":{"total":19,"covered":19,"skipped":0,"pct":100},"branches":{"total":8,"covered":5,"skipped":0,"pct":62.5}}
,"/Users/alwaleedalabdali/Eureka/src/entities/report/model/useReports.ts": {"lines":{"total":17,"covered":17,"skipped":0,"pct":100},"functions":{"total":4,"covered":4,"skipped":0,"pct":100},"statements":{"total":17,"covered":17,"skipped":0,"pct":100},"branches":{"total":7,"covered":6,"skipped":0,"pct":85.71}}
,"/Users/alwaleedalabdali/Eureka/src/entities/study/model/useStudyPdfs.ts": {"lines":{"total":17,"covered":17,"skipped":0,"pct":100},"functions":{"total":4,"covered":4,"skipped":0,"pct":100},"statements":{"total":17,"covered":17,"skipped":0,"pct":100},"branches":{"total":8,"covered":5,"skipped":0,"pct":62.5}}
,"/Users/alwaleedalabdali/Eureka/src/features/studyTable/model/studyTableSelectors.ts": {"lines":{"total":78,"covered":76,"skipped":0,"pct":97.43},"functions":{"total":6,"covered":6,"skipped":0,"pct":100},"statements":{"total":78,"covered":76,"skipped":0,"pct":97.43},"branches":{"total":73,"covered":54,"skipped":0,"pct":73.97}}
}
